2021-08-09 08:34:20,940 -> Employee evan created ->at line no 26 in __init__, file=employee.py
2021-08-09 08:34:20,940 -> Employee rock created ->at line no 26 in __init__, file=employee.py
2021-08-09 08:34:20,940 -> Employee john created ->at line no 26 in __init__, file=employee.py
2021-08-09 08:34:40,441 -> Employee evan created ->at line no 26 in __init__, file=employee.py
2021-08-09 08:34:40,441 -> Employee rock created ->at line no 26 in __init__, file=employee.py
2021-08-09 08:34:40,441 -> Employee john created ->at line no 26 in __init__, file=employee.py
2021-08-09 08:35:59,701 -> Employee evan created ->at line no 26 in __init__, file=employee.py
2021-08-09 08:35:59,702 -> Employee rock created ->at line no 26 in __init__, file=employee.py
2021-08-09 08:36:00,014 -> Employee john created ->at line no 26 in __init__, file=employee.py
2021-08-09 08:36:30,823 -> Employee evan created ->at line no 26 in __init__, file=employee.py
2021-08-09 08:36:30,823 -> Employee rock created ->at line no 26 in __init__, file=employee.py
2021-08-09 08:36:30,823 -> Employee john created ->at line no 26 in __init__, file=employee.py
2021-08-09 08:37:12,895 -> Employee evan created ->at line no 27 in __init__, file=employee.py
2021-08-09 08:37:12,895 -> Employee rock created ->at line no 27 in __init__, file=employee.py
2021-08-09 08:37:12,895 -> Employee john created ->at line no 27 in __init__, file=employee.py
2021-08-09 08:40:52,063 -> Employee evan created ->at line no 12 in __init__, file=employee.py
2021-08-09 08:40:52,063 -> Employee rock created ->at line no 12 in __init__, file=employee.py
2021-08-09 08:40:52,063 -> Employee john created ->at line no 12 in __init__, file=employee.py
2021-08-09 08:40:52,064 -> Laptop of HP created ->at line no 15 in __init__, file=laptop.py
2021-08-09 08:40:52,064 -> Laptop of Dell created ->at line no 15 in __init__, file=laptop.py
2021-08-09 08:40:52,064 -> Laptop of lenevo created ->at line no 15 in __init__, file=laptop.py
2021-08-09 08:40:57,780 -> Employee evan created ->at line no 12 in __init__, file=employee.py
2021-08-09 08:40:57,780 -> Employee rock created ->at line no 12 in __init__, file=employee.py
2021-08-09 08:40:57,780 -> Employee john created ->at line no 12 in __init__, file=employee.py
2021-08-09 08:40:57,780 -> Laptop of HP created ->at line no 15 in __init__, file=laptop.py
2021-08-09 08:40:57,780 -> Laptop of Dell created ->at line no 15 in __init__, file=laptop.py
2021-08-09 08:40:57,781 -> Laptop of lenevo created ->at line no 15 in __init__, file=laptop.py
2021-08-09 08:40:57,781 -> Employee evan created ->at line no 12 in __init__, file=employee.py
2021-08-09 08:40:57,781 -> Employee evan created ->at line no 12 in __init__, file=employee.py
2021-08-09 08:40:57,781 -> Employee rock created ->at line no 12 in __init__, file=employee.py
2021-08-09 08:40:57,781 -> Employee rock created ->at line no 12 in __init__, file=employee.py
2021-08-09 08:40:57,781 -> Employee john created ->at line no 12 in __init__, file=employee.py
2021-08-09 08:40:57,781 -> Employee john created ->at line no 12 in __init__, file=employee.py
