2021-08-09 08:36:30,824 -> Laptop of HP created ->at line no 23 in __init__, file=laptop.py
2021-08-09 08:36:30,824 -> Laptop of Dell created ->at line no 23 in __init__, file=laptop.py
2021-08-09 08:36:30,824 -> Laptop of lenevo created ->at line no 23 in __init__, file=laptop.py
2021-08-09 08:37:08,799 -> Laptop of HP created ->at line no 23 in __init__, file=laptop.py
2021-08-09 08:37:08,799 -> Laptop of Dell created ->at line no 23 in __init__, file=laptop.py
2021-08-09 08:37:08,799 -> Laptop of lenevo created ->at line no 23 in __init__, file=laptop.py
2021-08-09 08:37:12,893 -> Laptop of HP created ->at line no 23 in __init__, file=laptop.py
2021-08-09 08:37:12,894 -> Laptop of Dell created ->at line no 23 in __init__, file=laptop.py
2021-08-09 08:37:12,894 -> Laptop of lenevo created ->at line no 23 in __init__, file=laptop.py
2021-08-09 08:40:52,062 -> Laptop of HP created ->at line no 15 in __init__, file=laptop.py
2021-08-09 08:40:52,063 -> Laptop of Dell created ->at line no 15 in __init__, file=laptop.py
2021-08-09 08:40:52,063 -> Laptop of lenevo created ->at line no 15 in __init__, file=laptop.py
2021-08-09 08:40:52,063 -> Employee evan created ->at line no 12 in __init__, file=employee.py
2021-08-09 08:40:52,063 -> Employee rock created ->at line no 12 in __init__, file=employee.py
2021-08-09 08:40:52,063 -> Employee john created ->at line no 12 in __init__, file=employee.py
2021-08-09 08:40:52,064 -> Laptop of HP created ->at line no 15 in __init__, file=laptop.py
2021-08-09 08:40:52,064 -> Laptop of HP created ->at line no 15 in __init__, file=laptop.py
2021-08-09 08:40:52,064 -> Laptop of Dell created ->at line no 15 in __init__, file=laptop.py
2021-08-09 08:40:52,064 -> Laptop of Dell created ->at line no 15 in __init__, file=laptop.py
2021-08-09 08:40:52,064 -> Laptop of lenevo created ->at line no 15 in __init__, file=laptop.py
2021-08-09 08:40:52,064 -> Laptop of lenevo created ->at line no 15 in __init__, file=laptop.py
2021-08-09 08:40:57,780 -> Laptop of HP created ->at line no 15 in __init__, file=laptop.py
2021-08-09 08:40:57,780 -> Laptop of Dell created ->at line no 15 in __init__, file=laptop.py
2021-08-09 08:40:57,781 -> Laptop of lenevo created ->at line no 15 in __init__, file=laptop.py
2021-08-09 08:40:57,781 -> Employee evan created ->at line no 12 in __init__, file=employee.py
2021-08-09 08:40:57,781 -> Employee rock created ->at line no 12 in __init__, file=employee.py
2021-08-09 08:40:57,781 -> Employee john created ->at line no 12 in __init__, file=employee.py
